<?xml version="1.0" encoding="UTF-8"?>
<testsuites>
  <testsuite name="fastlane.lanes">
    
    
    
      
      <testcase classname="fastlane.lanes" name="0: default_platform" time="0.000249753">
        
      </testcase>
    
      
      <testcase classname="fastlane.lanes" name="1: number_of_commits" time="0.006361427">
        
      </testcase>
    
      
      <testcase classname="fastlane.lanes" name="2: flutter clean" time="0.683506103">
        
      </testcase>
    
      
      <testcase classname="fastlane.lanes" name="3: flutter build apk --release --build-number\=159 --split-per-abi" time="7.324716859">
        
          <failure message="/home/jsonlines/.rvm/gems/ruby-2.7.0/gems/fastlane-2.171.0/fastlane/lib/fastlane/actions/actions_helper.rb:67:in `execute_action'&#10;/home/jsonlines/.rvm/gems/ruby-2.7.0/gems/fastlane-2.171.0/fastlane/lib/fastlane/fast_file.rb:218:in `sh'&#10;/home/jsonlines/.rvm/gems/ruby-2.7.0/gems/fastlane-2.171.0/fastlane/lib/fastlane/fast_file.rb:212:in `sh'&#10;Fastfile:119:in `block (2 levels) in parsing_binding'&#10;Fastfile:117:in `chdir'&#10;Fastfile:117:in `block in parsing_binding'&#10;/home/jsonlines/.rvm/gems/ruby-2.7.0/gems/fastlane-2.171.0/fastlane/lib/fastlane/lane.rb:33:in `call'&#10;/home/jsonlines/.rvm/gems/ruby-2.7.0/gems/fastlane-2.171.0/fastlane/lib/fastlane/runner.rb:49:in `block in execute'&#10;/home/jsonlines/.rvm/gems/ruby-2.7.0/gems/fastlane-2.171.0/fastlane/lib/fastlane/runner.rb:45:in `chdir'&#10;/home/jsonlines/.rvm/gems/ruby-2.7.0/gems/fastlane-2.171.0/fastlane/lib/fastlane/runner.rb:45:in `execute'&#10;/home/jsonlines/.rvm/gems/ruby-2.7.0/gems/fastlane-2.171.0/fastlane/lib/fastlane/lane_manager.rb:47:in `cruise_lane'&#10;/home/jsonlines/.rvm/gems/ruby-2.7.0/gems/fastlane-2.171.0/fastlane/lib/fastlane/command_line_handler.rb:36:in `handle'&#10;/home/jsonlines/.rvm/gems/ruby-2.7.0/gems/fastlane-2.171.0/fastlane/lib/fastlane/commands_generator.rb:108:in `block (2 levels) in run'&#10;/home/jsonlines/.rvm/gems/ruby-2.7.0/gems/commander-fastlane-4.4.6/lib/commander/command.rb:178:in `call'&#10;/home/jsonlines/.rvm/gems/ruby-2.7.0/gems/commander-fastlane-4.4.6/lib/commander/command.rb:153:in `run'&#10;/home/jsonlines/.rvm/gems/ruby-2.7.0/gems/commander-fastlane-4.4.6/lib/commander/runner.rb:476:in `run_active_command'&#10;/home/jsonlines/.rvm/gems/ruby-2.7.0/gems/fastlane-2.171.0/fastlane_core/lib/fastlane_core/ui/fastlane_runner.rb:76:in `run!'&#10;/home/jsonlines/.rvm/gems/ruby-2.7.0/gems/commander-fastlane-4.4.6/lib/commander/delegates.rb:15:in `run!'&#10;/home/jsonlines/.rvm/gems/ruby-2.7.0/gems/fastlane-2.171.0/fastlane/lib/fastlane/commands_generator.rb:352:in `run'&#10;/home/jsonlines/.rvm/gems/ruby-2.7.0/gems/fastlane-2.171.0/fastlane/lib/fastlane/commands_generator.rb:41:in `start'&#10;/home/jsonlines/.rvm/gems/ruby-2.7.0/gems/fastlane-2.171.0/fastlane/lib/fastlane/cli_tools_distributor.rb:119:in `take_off'&#10;/home/jsonlines/.rvm/gems/ruby-2.7.0/gems/fastlane-2.171.0/bin/fastlane:23:in `&lt;top (required)&gt;'&#10;/home/jsonlines/.rbenv/versions/2.6.6/bin/fastlane:23:in `load'&#10;/home/jsonlines/.rbenv/versions/2.6.6/bin/fastlane:23:in `&lt;main&gt;'&#10;&#10;Exit status of command 'flutter build apk --release --build-number\=159 --split-per-abi' was 1 instead of 0.&#10;Running &quot;flutter pub get&quot; in ynotes...                          &#10;Warning: You are using these overridden dependencies:&#10;&#10;! analyzer 0.40.6&#10;&#10;! intl 0.16.1&#10;&#10;! webview_flutter 1.0.7&#10;Running &quot;flutter pub get&quot; in ynotes...                              0.9s&#10;Running Gradle task 'assembleRelease'...                        &#10;&#10;&#10;FAILURE: Build failed with an exception.&#10;&#10;&#10;&#10;* Where:&#10;&#10;Build file '/home/jsonlines/Documents/ynotes/android/app/build.gradle' line: 57&#10;&#10;&#10;&#10;* What went wrong:&#10;&#10;A problem occurred evaluating project ':app'.&#10;&#10;&gt; Could not find method isDefault() for arguments [true] on DefaultConfig_Decorated{name=main, dimension=null, minSdkVersion=DefaultApiVersion{mApiLevel=19, mCodename='null'}, targetSdkVersion=DefaultApiVersion{mApiLevel=29, mCodename='null'}, renderscriptTargetApi=null, renderscriptSupportModeEnabled=null, renderscriptSupportModeBlasEnabled=null, renderscriptNdkModeEnabled=null, versionCode=159, versionName=0.9.0, applicationId=fr.ynotes, testApplicationId=null, testInstrumentationRunner=androidx.test.runner.AndroidJUnitRunner, testInstrumentationRunnerArguments={}, testHandleProfiling=null, testFunctionalTest=null, signingConfig=null, resConfig=null, mBuildConfigFields={}, mResValues={}, mProguardFiles=[], mConsumerProguardFiles=[], mManifestPlaceholders={}, mWearAppUnbundled=null} of type com.android.build.gradle.internal.dsl.DefaultConfig.&#10;&#10;&#10;&#10;* Try:&#10;&#10;Run with --stacktrace option to get the stack trace. Run with --info or --debug option to get more log output. Run with --scan to get full insights.&#10;&#10;&#10;&#10;* Get more help at https://help.gradle.org&#10;&#10;&#10;&#10;BUILD FAILED in 1s&#10;Running Gradle task 'assembleRelease'...                            1.7s&#10;The built failed likely due to AndroidX incompatibilities in a plugin. The tool is about to try using Jetfier to solve the incompatibility.&#10;Building plugin advance_pdf_viewer...&#10;Running Gradle task 'assembleAarRelease'...                         1.9s&#10;✓ Built build/app/outputs/repo.&#10;Building plugin android_alarm_manager...&#10;Running Gradle task 'assembleAarRelease'...                         1.8s&#10;✓ Built build/app/outputs/repo.&#10;Building plugin awesome_notifications...&#10;Running Gradle task 'assembleAarRelease'...                         0.0s&#10;&#10;/usr/bin/env: ‘bash\r’: No such file or directory&#10;&#10;The plugin awesome_notifications could not be built due to the issue above.&#10;" />
        
      </testcase>
    
  </testsuite>
</testsuites>
